android/app/build/intermediates/manifest_merge_blame_file/debug/manifest-merger-blame-debug-report.txt
1<?xml version="1.0" encoding="utf-8"?>
2<manifest xmlns:android="http://schemas.android.com/apk/res/android"
3    package="com.freeapi.proxy"
4    android:versionCode="1"
5    android:versionName="1.0.0" >
6
7    <uses-sdk
8        android:minSdkVersion="26"
9        android:targetSdkVersion="34" />
10
11    <!-- 出站网络 + 上游连通性 -->
12    <uses-permission android:name="android.permission.INTERNET" />
12-->src/main/AndroidManifest.xml:6:5-67
12-->src/main/AndroidManifest.xml:6:22-64
13    <uses-permission android:name="android.permission.ACCESS_NETWORK_STATE" />
13-->src/main/AndroidManifest.xml:7:5-79
13-->src/main/AndroidManifest.xml:7:22-76
14
15    <!-- 前台服务：specialUse（无时长限制，不会被 Android 15 的 dataSync 6h 上限掐掉） -->
16    <uses-permission android:name="android.permission.FOREGROUND_SERVICE" />
16-->src/main/AndroidManifest.xml:10:5-77
16-->src/main/AndroidManifest.xml:10:22-74
17    <uses-permission android:name="android.permission.FOREGROUND_SERVICE_SPECIAL_USE" />
17-->src/main/AndroidManifest.xml:11:5-89
17-->src/main/AndroidManifest.xml:11:22-86
18
19    <!-- 常驻通知（Android 13+ 运行时权限） -->
20    <uses-permission android:name="android.permission.POST_NOTIFICATIONS" />
20-->src/main/AndroidManifest.xml:14:5-77
20-->src/main/AndroidManifest.xml:14:22-74
21
22    <!-- 保活三件套 -->
23    <uses-permission android:name="android.permission.WAKE_LOCK" />
23-->src/main/AndroidManifest.xml:17:5-68
23-->src/main/AndroidManifest.xml:17:22-65
24    <uses-permission android:name="android.permission.RECEIVE_BOOT_COMPLETED" />
24-->src/main/AndroidManifest.xml:18:5-81
24-->src/main/AndroidManifest.xml:18:22-78
25    <uses-permission android:name="android.permission.REQUEST_IGNORE_BATTERY_OPTIMIZATIONS" />
25-->src/main/AndroidManifest.xml:19:5-95
25-->src/main/AndroidManifest.xml:19:22-92
26
27    <!--
28         自动更新：允许通过 FileProvider 安装下载到的 APK。
29         实际开关在系统「安装未知应用」页（Settings.ACTION_MANAGE_UNKNOWN_APP_SOURCES）。
30         声明后代码里才能用 canRequestPackageInstalls 查询该权限。
31    -->
32    <uses-permission android:name="android.permission.REQUEST_INSTALL_PACKAGES" />
32-->src/main/AndroidManifest.xml:24:5-83
32-->src/main/AndroidManifest.xml:24:22-80
33
34    <!--
35         ── 蓝牙（充电线控制）─────────────────────────────────────────────
36         Android 12(API31) 起用 BLUETOOTH_SCAN / CONNECT，并把旧的
37         BLUETOOTH / BLUETOOTH_ADMIN / 定位权限限制到 API30 及以下。
38         neverForLocation：我们只按设备名找充电线控制器，不推导位置，
39         声明后 12+ 上不必再申请定位权限。
40    -->
41    <uses-permission
41-->src/main/AndroidManifest.xml:31:5-33:38
42        android:name="android.permission.BLUETOOTH"
42-->src/main/AndroidManifest.xml:32:9-52
43        android:maxSdkVersion="30" />
43-->src/main/AndroidManifest.xml:33:9-35
44    <uses-permission
44-->src/main/AndroidManifest.xml:34:5-36:38
45        android:name="android.permission.BLUETOOTH_ADMIN"
45-->src/main/AndroidManifest.xml:35:9-58
46        android:maxSdkVersion="30" />
46-->src/main/AndroidManifest.xml:36:9-35
47    <uses-permission
47-->src/main/AndroidManifest.xml:37:5-39:38
48        android:name="android.permission.ACCESS_FINE_LOCATION"
48-->src/main/AndroidManifest.xml:38:9-63
49        android:maxSdkVersion="30" />
49-->src/main/AndroidManifest.xml:39:9-35
50    <uses-permission
50-->src/main/AndroidManifest.xml:40:5-43:31
51        android:name="android.permission.BLUETOOTH_SCAN"
51-->src/main/AndroidManifest.xml:41:9-57
52        android:usesPermissionFlags="neverForLocation" />
52-->src/main/AndroidManifest.xml:42:9-55
53    <uses-permission android:name="android.permission.BLUETOOTH_CONNECT" />
53-->src/main/AndroidManifest.xml:44:5-46:31
53-->src/main/AndroidManifest.xml:45:9-60
54
55    <!-- required=false：代理功能不依赖蓝牙，没有 BLE 的设备也该能装 -->
56    <uses-feature
56-->src/main/AndroidManifest.xml:49:5-51:36
57        android:name="android.hardware.bluetooth_le"
57-->src/main/AndroidManifest.xml:50:9-53
58        android:required="false" />
58-->src/main/AndroidManifest.xml:51:9-33
59
60    <permission
60-->[androidx.core:core:1.12.0] AndroidManifest.xml:22:5-24:47
61        android:name="com.freeapi.proxy.DYNAMIC_RECEIVER_NOT_EXPORTED_PERMISSION"
61-->[androidx.core:core:1.12.0] AndroidManifest.xml:23:9-81
62        android:protectionLevel="signature" />
62-->[androidx.core:core:1.12.0] AndroidManifest.xml:24:9-44
63
64    <uses-permission android:name="com.freeapi.proxy.DYNAMIC_RECEIVER_NOT_EXPORTED_PERMISSION" />
64-->[androidx.core:core:1.12.0] AndroidManifest.xml:26:5-97
64-->[androidx.core:core:1.12.0] AndroidManifest.xml:26:22-94
65
66    <application
66-->src/main/AndroidManifest.xml:53:5-126:19
67        android:allowBackup="false"
67-->src/main/AndroidManifest.xml:54:9-36
68        android:appComponentFactory="androidx.core.app.CoreComponentFactory"
68-->[androidx.core:core:1.12.0] AndroidManifest.xml:28:18-86
69        android:debuggable="true"
70        android:extractNativeLibs="false"
71        android:icon="@mipmap/ic_launcher"
71-->src/main/AndroidManifest.xml:55:9-43
72        android:label="@string/app_name"
72-->src/main/AndroidManifest.xml:57:9-41
73        android:roundIcon="@mipmap/ic_launcher_round"
73-->src/main/AndroidManifest.xml:56:9-54
74        android:supportsRtl="true"
74-->src/main/AndroidManifest.xml:58:9-35
75        android:theme="@style/Theme.FreeAPIProxy"
75-->src/main/AndroidManifest.xml:60:9-50
76        android:usesCleartextTraffic="true" >
76-->src/main/AndroidManifest.xml:59:9-44
77        <activity
77-->src/main/AndroidManifest.xml:62:9-71:20
78            android:name="com.freeapi.proxy.MainActivity"
78-->src/main/AndroidManifest.xml:63:13-41
79            android:configChanges="orientation|screenSize|keyboardHidden"
79-->src/main/AndroidManifest.xml:66:13-74
80            android:exported="true"
80-->src/main/AndroidManifest.xml:64:13-36
81            android:launchMode="singleTop" >
81-->src/main/AndroidManifest.xml:65:13-43
82            <intent-filter>
82-->src/main/AndroidManifest.xml:67:13-70:29
83                <action android:name="android.intent.action.MAIN" />
83-->src/main/AndroidManifest.xml:68:17-69
83-->src/main/AndroidManifest.xml:68:25-66
84
85                <category android:name="android.intent.category.LAUNCHER" />
85-->src/main/AndroidManifest.xml:69:17-77
85-->src/main/AndroidManifest.xml:69:27-74
86            </intent-filter>
87        </activity>
88
89        <!-- stopWithTask=false：划掉最近任务列表不杀服务 -->
90        <service
90-->src/main/AndroidManifest.xml:74:9-82:19
91            android:name="com.freeapi.proxy.service.ProxyService"
91-->src/main/AndroidManifest.xml:75:13-49
92            android:exported="false"
92-->src/main/AndroidManifest.xml:76:13-37
93            android:foregroundServiceType="specialUse"
93-->src/main/AndroidManifest.xml:77:13-55
94            android:stopWithTask="false" >
94-->src/main/AndroidManifest.xml:78:13-41
95            <property
95-->src/main/AndroidManifest.xml:79:13-81:59
96                android:name="android.app.PROPERTY_SPECIAL_USE_FGS_SUBTYPE"
96-->src/main/AndroidManifest.xml:80:17-76
97                android:value="local_http_egress_proxy" />
97-->src/main/AndroidManifest.xml:81:17-56
98        </service>
99
100        <!--
101             充电线控制：按电量阈值通过蓝牙控制外部充电开关。
102             与 ProxyService 分开是有意的 —— 两者的生命周期互不依赖
103             （只想跑代理 / 只想控充电线都成立），合并会强行绑死。
104             specialUse：这个用途不属于系统预置的任何类型。
105        -->
106        <service
106-->src/main/AndroidManifest.xml:88:9-96:19
107            android:name="com.freeapi.proxy.service.CableService"
107-->src/main/AndroidManifest.xml:89:13-49
108            android:exported="false"
108-->src/main/AndroidManifest.xml:90:13-37
109            android:foregroundServiceType="specialUse"
109-->src/main/AndroidManifest.xml:91:13-55
110            android:stopWithTask="false" >
110-->src/main/AndroidManifest.xml:92:13-41
111            <property
111-->src/main/AndroidManifest.xml:79:13-81:59
112                android:name="android.app.PROPERTY_SPECIAL_USE_FGS_SUBTYPE"
112-->src/main/AndroidManifest.xml:80:17-76
113                android:value="按电量阈值定时通过蓝牙控制外部充电开关" />
113-->src/main/AndroidManifest.xml:81:17-56
114        </service>
115
116        <receiver
116-->src/main/AndroidManifest.xml:98:9-108:20
117            android:name="com.freeapi.proxy.service.BootReceiver"
117-->src/main/AndroidManifest.xml:99:13-49
118            android:enabled="true"
118-->src/main/AndroidManifest.xml:100:13-35
119            android:exported="true" >
119-->src/main/AndroidManifest.xml:101:13-36
120            <intent-filter>
120-->src/main/AndroidManifest.xml:103:13-107:29
121                <action android:name="android.intent.action.BOOT_COMPLETED" />
121-->src/main/AndroidManifest.xml:104:17-79
121-->src/main/AndroidManifest.xml:104:25-76
122                <action android:name="android.intent.action.QUICKBOOT_POWERON" />
122-->src/main/AndroidManifest.xml:105:17-82
122-->src/main/AndroidManifest.xml:105:25-79
123                <action android:name="com.htc.intent.action.QUICKBOOT_POWERON" />
123-->src/main/AndroidManifest.xml:106:17-82
123-->src/main/AndroidManifest.xml:106:25-79
124            </intent-filter>
125        </receiver>
126        <receiver
126-->src/main/AndroidManifest.xml:110:9-113:40
127            android:name="com.freeapi.proxy.service.WatchdogReceiver"
127-->src/main/AndroidManifest.xml:111:13-53
128            android:enabled="true"
128-->src/main/AndroidManifest.xml:112:13-35
129            android:exported="false" />
129-->src/main/AndroidManifest.xml:113:13-37
130
131        <!-- 自动更新：把下载到私有目录的 APK 暴露给系统安装器（ACTION_VIEW） -->
132        <provider
133            android:name="androidx.core.content.FileProvider"
133-->src/main/AndroidManifest.xml:117:13-62
134            android:authorities="com.freeapi.proxy.fileprovider"
134-->src/main/AndroidManifest.xml:118:13-64
135            android:exported="false"
135-->src/main/AndroidManifest.xml:119:13-37
136            android:grantUriPermissions="true" >
136-->src/main/AndroidManifest.xml:120:13-47
137            <meta-data
137-->src/main/AndroidManifest.xml:121:13-123:54
138                android:name="android.support.FILE_PROVIDER_PATHS"
138-->src/main/AndroidManifest.xml:122:17-67
139                android:resource="@xml/file_paths" />
139-->src/main/AndroidManifest.xml:123:17-51
140        </provider>
141        <provider
141-->[androidx.emoji2:emoji2:1.2.0] AndroidManifest.xml:24:9-32:20
142            android:name="androidx.startup.InitializationProvider"
142-->[androidx.emoji2:emoji2:1.2.0] AndroidManifest.xml:25:13-67
143            android:authorities="com.freeapi.proxy.androidx-startup"
143-->[androidx.emoji2:emoji2:1.2.0] AndroidManifest.xml:26:13-68
144            android:exported="false" >
144-->[androidx.emoji2:emoji2:1.2.0] AndroidManifest.xml:27:13-37
145            <meta-data
145-->[androidx.emoji2:emoji2:1.2.0] AndroidManifest.xml:29:13-31:52
146                android:name="androidx.emoji2.text.EmojiCompatInitializer"
146-->[androidx.emoji2:emoji2:1.2.0] AndroidManifest.xml:30:17-75
147                android:value="androidx.startup" />
147-->[androidx.emoji2:emoji2:1.2.0] AndroidManifest.xml:31:17-49
148            <meta-data
148-->[androidx.lifecycle:lifecycle-process:2.4.1] AndroidManifest.xml:31:13-33:52
149                android:name="androidx.lifecycle.ProcessLifecycleInitializer"
149-->[androidx.lifecycle:lifecycle-process:2.4.1] AndroidManifest.xml:32:17-78
150                android:value="androidx.startup" />
150-->[androidx.lifecycle:lifecycle-process:2.4.1] AndroidManifest.xml:33:17-49
151        </provider>
152    </application>
153
154</manifest>